2026-07-06 19:57:23,399 [INFO] Initializing e-commerce scraping ETL pipeline...
2026-07-06 19:57:23,400 [INFO] Extract Phase: Fetching product catalog page 1...
2026-07-06 19:57:23,400 [INFO] Fetching URL: https://books.toscrape.com/catalogue/page-1.html (Attempt 1/3)
2026-07-06 19:57:29,422 [INFO] Extract Phase: Successfully extracted 20 product rows from page 1.
2026-07-06 19:57:29,723 [INFO] Extract Phase: Fetching product catalog page 2...
2026-07-06 19:57:29,723 [INFO] Fetching URL: https://books.toscrape.com/catalogue/page-2.html (Attempt 1/3)
2026-07-06 19:57:31,669 [INFO] Extract Phase: Successfully extracted 20 product rows from page 2.
2026-07-06 19:57:31,970 [INFO] Transform Phase: Cleaning raw price values, mapping ratings, and parsing availability...
2026-07-06 19:57:32,475 [INFO] Validation Phase: Enforcing data integrity constraints...
2026-07-06 20:01:25,879 [INFO] Initializing e-commerce scraping ETL pipeline...
2026-07-06 20:01:25,882 [INFO] Extract Phase: Fetching product catalog page 1...
2026-07-06 20:01:25,882 [INFO] Fetching URL: https://books.toscrape.com/catalogue/page-1.html (Attempt 1/3)
2026-07-06 20:01:28,371 [INFO] Extract Phase: Successfully extracted 20 product rows from page 1.
2026-07-06 20:01:28,673 [INFO] Extract Phase: Fetching product catalog page 2...
2026-07-06 20:01:28,673 [INFO] Fetching URL: https://books.toscrape.com/catalogue/page-2.html (Attempt 1/3)
2026-07-06 20:01:30,608 [INFO] Extract Phase: Successfully extracted 20 product rows from page 2.
2026-07-06 20:01:30,910 [INFO] Transform Phase: Cleaning raw price values, mapping ratings, and parsing availability...
2026-07-06 20:01:31,410 [INFO] Validation Phase: Enforcing data integrity constraints...
2026-07-06 20:01:31,911 [INFO] Validation Phase: Kept 40 valid rows out of 40 extracted rows.
2026-07-06 20:01:31,911 [INFO] Load Phase: Saving cleaned database files and summarizing analytics...
2026-07-06 20:01:32,458 [INFO] Cleaned data successfully exported to CSV: data\processed\products_clean.csv
2026-07-06 20:01:32,459 [INFO] Cleaned data successfully exported to JSON: data\processed\products_clean.json
2026-07-06 20:01:32,465 [INFO] Analytics report generated successfully at: output\report.txt
2026-07-06 20:01:32,466 [INFO] Pipeline executed successfully. Outputs are ready.
2026-07-06 20:05:30,816 [INFO] Initializing e-commerce scraping ETL pipeline...
2026-07-06 20:05:30,821 [INFO] Extract Phase: Fetching product catalog page 1...
2026-07-06 20:05:30,822 [INFO] Fetching URL: https://books.toscrape.com/catalogue/page-1.html (Attempt 1/3)
2026-07-06 20:05:34,315 [INFO] Extract Phase: Successfully extracted 20 product rows from page 1.
2026-07-06 20:05:34,617 [INFO] Extract Phase: Fetching product catalog page 2...
2026-07-06 20:05:34,618 [INFO] Fetching URL: https://books.toscrape.com/catalogue/page-2.html (Attempt 1/3)
2026-07-06 20:05:37,994 [INFO] Extract Phase: Successfully extracted 20 product rows from page 2.
2026-07-06 20:05:38,296 [INFO] Extract Phase: Fetching product catalog page 3...
2026-07-06 20:05:38,297 [INFO] Fetching URL: https://books.toscrape.com/catalogue/page-3.html (Attempt 1/3)
2026-07-06 20:05:41,685 [INFO] Extract Phase: Successfully extracted 20 product rows from page 3.
2026-07-06 20:05:41,988 [INFO] Extract Phase: Fetching product catalog page 4...
2026-07-06 20:05:41,990 [INFO] Fetching URL: https://books.toscrape.com/catalogue/page-4.html (Attempt 1/3)
2026-07-06 20:05:45,226 [INFO] Extract Phase: Successfully extracted 20 product rows from page 4.
2026-07-06 20:05:45,530 [INFO] Extract Phase: Fetching product catalog page 5...
2026-07-06 20:05:45,530 [INFO] Fetching URL: https://books.toscrape.com/catalogue/page-5.html (Attempt 1/3)
2026-07-06 20:05:48,818 [INFO] Extract Phase: Successfully extracted 20 product rows from page 5.
2026-07-06 20:05:49,121 [INFO] Transform Phase: Cleaning raw price values, mapping ratings, and parsing availability...
2026-07-06 20:05:49,625 [INFO] Validation Phase: Enforcing data integrity constraints...
2026-07-06 20:05:50,131 [INFO] Validation Phase: Kept 100 valid rows out of 100 extracted rows.
2026-07-06 20:05:50,132 [INFO] Load Phase: Saving cleaned database files and summarizing analytics...
2026-07-06 20:05:50,676 [INFO] Cleaned data successfully exported to CSV: data\processed\products_clean.csv
2026-07-06 20:05:50,677 [INFO] Cleaned data successfully exported to JSON: data\processed\products_clean.json
2026-07-06 20:05:50,681 [INFO] Analytics report generated successfully at: output\report.txt
2026-07-06 20:05:50,682 [INFO] Pipeline executed successfully. Outputs are ready.
2026-07-06 20:09:44,549 [INFO] Initializing e-commerce scraping ETL pipeline...
2026-07-06 20:09:44,549 [INFO] Extract Phase: Fetching product catalog page 1...
2026-07-06 20:09:44,549 [INFO] Fetching URL: https://books.toscrape.com/catalogue/page-1.html (Attempt 1/3)
2026-07-06 20:09:47,564 [INFO] Extract Phase: Successfully extracted 20 product rows from page 1.
2026-07-06 20:09:47,866 [INFO] Extract Phase: Fetching product catalog page 2...
2026-07-06 20:09:47,867 [INFO] Fetching URL: https://books.toscrape.com/catalogue/page-2.html (Attempt 1/3)
2026-07-06 20:09:50,930 [INFO] Extract Phase: Successfully extracted 20 product rows from page 2.
2026-07-06 20:09:51,232 [INFO] Extract Phase: Fetching product catalog page 3...
2026-07-06 20:09:51,233 [INFO] Fetching URL: https://books.toscrape.com/catalogue/page-3.html (Attempt 1/3)
2026-07-06 20:09:54,527 [INFO] Extract Phase: Successfully extracted 20 product rows from page 3.
2026-07-06 20:09:54,829 [INFO] Extract Phase: Fetching product catalog page 4...
2026-07-06 20:09:54,830 [INFO] Fetching URL: https://books.toscrape.com/catalogue/page-4.html (Attempt 1/3)
2026-07-06 20:09:58,077 [INFO] Extract Phase: Successfully extracted 20 product rows from page 4.
2026-07-06 20:09:58,379 [INFO] Extract Phase: Fetching product catalog page 5...
2026-07-06 20:09:58,382 [INFO] Fetching URL: https://books.toscrape.com/catalogue/page-5.html (Attempt 1/3)
2026-07-06 20:10:01,038 [INFO] Extract Phase: Successfully extracted 20 product rows from page 5.
2026-07-06 20:10:01,340 [INFO] Extract Phase: Fetching product catalog page 6...
2026-07-06 20:10:01,341 [INFO] Fetching URL: https://books.toscrape.com/catalogue/page-6.html (Attempt 1/3)
2026-07-06 20:10:03,924 [INFO] Extract Phase: Successfully extracted 20 product rows from page 6.
2026-07-06 20:10:04,226 [INFO] Extract Phase: Fetching product catalog page 7...
2026-07-06 20:10:04,226 [INFO] Fetching URL: https://books.toscrape.com/catalogue/page-7.html (Attempt 1/3)
2026-07-06 20:10:07,059 [INFO] Extract Phase: Successfully extracted 20 product rows from page 7.
2026-07-06 20:10:07,359 [INFO] Extract Phase: Fetching product catalog page 8...
2026-07-06 20:10:07,360 [INFO] Fetching URL: https://books.toscrape.com/catalogue/page-8.html (Attempt 1/3)
2026-07-06 20:10:10,140 [INFO] Extract Phase: Successfully extracted 20 product rows from page 8.
2026-07-06 20:10:10,441 [INFO] Extract Phase: Fetching product catalog page 9...
2026-07-06 20:10:10,442 [INFO] Fetching URL: https://books.toscrape.com/catalogue/page-9.html (Attempt 1/3)
2026-07-06 20:10:13,151 [INFO] Extract Phase: Successfully extracted 20 product rows from page 9.
2026-07-06 20:10:13,453 [INFO] Transform Phase: Cleaning raw price values, mapping ratings, and parsing availability...
2026-07-06 20:10:13,956 [INFO] Validation Phase: Enforcing data integrity constraints...
2026-07-06 20:10:14,457 [INFO] Validation Phase: Kept 180 valid rows out of 180 extracted rows.
2026-07-06 20:10:14,458 [INFO] Load Phase: Saving cleaned database files and summarizing analytics...
2026-07-06 20:10:14,985 [INFO] Cleaned data successfully exported to CSV: data\processed\products_clean.csv
2026-07-06 20:10:14,986 [INFO] Cleaned data successfully exported to JSON: data\processed\products_clean.json
2026-07-06 20:10:14,990 [INFO] Analytics report generated successfully at: output\report.txt
2026-07-06 20:10:14,991 [INFO] Pipeline executed successfully. Outputs are ready.
2026-07-07 18:56:33,177 [INFO] Initializing e-commerce scraping ETL pipeline...
2026-07-07 18:56:33,183 [INFO] Extract Phase: Fetching product catalog page 1...
2026-07-07 18:56:33,183 [INFO] Fetching URL: https://books.toscrape.com/catalogue/page-1.html (Attempt 1/3)
2026-07-07 18:56:37,427 [INFO] Extract Phase: Successfully extracted 20 product rows from page 1.
2026-07-07 18:56:37,729 [INFO] Extract Phase: Fetching product catalog page 2...
2026-07-07 18:56:37,731 [INFO] Fetching URL: https://books.toscrape.com/catalogue/page-2.html (Attempt 1/3)
2026-07-07 18:56:41,959 [INFO] Extract Phase: Successfully extracted 20 product rows from page 2.
2026-07-07 18:56:42,262 [INFO] Extract Phase: Fetching product catalog page 3...
2026-07-07 18:56:42,263 [INFO] Fetching URL: https://books.toscrape.com/catalogue/page-3.html (Attempt 1/3)
2026-07-07 18:56:47,154 [INFO] Extract Phase: Successfully extracted 20 product rows from page 3.
2026-07-07 18:56:47,459 [INFO] Extract Phase: Fetching product catalog page 4...
2026-07-07 18:56:47,460 [INFO] Fetching URL: https://books.toscrape.com/catalogue/page-4.html (Attempt 1/3)
2026-07-07 18:56:57,219 [INFO] Extract Phase: Successfully extracted 20 product rows from page 4.
2026-07-07 18:56:57,537 [INFO] Extract Phase: Fetching product catalog page 5...
2026-07-07 18:56:57,542 [INFO] Fetching URL: https://books.toscrape.com/catalogue/page-5.html (Attempt 1/3)
2026-07-07 18:57:19,939 [WARNING] Attempt 1 failed for https://books.toscrape.com/catalogue/page-5.html: HTTPSConnectionPool(host='books.toscrape.com', port=443): Read timed out.
2026-07-07 18:57:21,940 [INFO] Fetching URL: https://books.toscrape.com/catalogue/page-5.html (Attempt 2/3)
2026-07-07 18:57:43,141 [WARNING] Attempt 2 failed for https://books.toscrape.com/catalogue/page-5.html: HTTPSConnectionPool(host='books.toscrape.com', port=443): Max retries exceeded with url: /catalogue/page-5.html (Caused by ConnectTimeoutError(<HTTPSConnection(host='books.toscrape.com', port=443) at 0x271a0ba4550>, 'Connection to books.toscrape.com timed out. (connect timeout=10)'))
2026-07-07 18:57:45,141 [INFO] Fetching URL: https://books.toscrape.com/catalogue/page-5.html (Attempt 3/3)
2026-07-07 18:58:06,420 [WARNING] Attempt 3 failed for https://books.toscrape.com/catalogue/page-5.html: HTTPSConnectionPool(host='books.toscrape.com', port=443): Max retries exceeded with url: /catalogue/page-5.html (Caused by ConnectTimeoutError(<HTTPSConnection(host='books.toscrape.com', port=443) at 0x271a0ba47d0>, 'Connection to books.toscrape.com timed out. (connect timeout=10)'))
2026-07-07 18:58:06,422 [ERROR] Failed to fetch https://books.toscrape.com/catalogue/page-5.html after 3 attempts.
2026-07-07 18:58:06,422 [ERROR] Extract Phase: Failed to fetch content for page 5.
2026-07-07 18:58:06,729 [INFO] Transform Phase: Cleaning raw price values, mapping ratings, and parsing availability...
2026-07-07 18:58:07,233 [INFO] Validation Phase: Enforcing data integrity constraints...
2026-07-07 18:58:07,736 [INFO] Validation Phase: Kept 80 valid rows out of 80 extracted rows.
2026-07-07 18:58:07,737 [INFO] Load Phase: Saving cleaned database files and summarizing analytics...
2026-07-07 18:58:08,610 [INFO] Cleaned data successfully exported to CSV: data\processed\products_clean.csv
2026-07-07 18:58:08,610 [INFO] Cleaned data successfully exported to JSON: data\processed\products_clean.json
2026-07-07 18:58:08,679 [INFO] Analytics report generated successfully at: output\report.txt
2026-07-07 18:58:08,719 [INFO] Pipeline executed successfully. Outputs are ready.
2026-07-07 19:03:22,424 [INFO] Initializing e-commerce scraping ETL pipeline...
2026-07-07 19:03:22,427 [INFO] Extract Phase: Fetching product catalog page 1...
2026-07-07 19:03:22,428 [INFO] Fetching URL: https://books.toscrape.com/catalogue/page-1.html (Attempt 1/3)
2026-07-07 19:03:25,796 [INFO] Extract Phase: Successfully extracted 20 product rows from page 1.
2026-07-07 19:03:26,106 [INFO] Extract Phase: Fetching product catalog page 2...
2026-07-07 19:03:26,109 [INFO] Fetching URL: https://books.toscrape.com/catalogue/page-2.html (Attempt 1/3)
2026-07-07 19:03:28,944 [INFO] Extract Phase: Successfully extracted 20 product rows from page 2.
2026-07-07 19:03:29,246 [INFO] Extract Phase: Fetching product catalog page 3...
2026-07-07 19:03:29,251 [INFO] Fetching URL: https://books.toscrape.com/catalogue/page-3.html (Attempt 1/3)
2026-07-07 19:03:31,979 [INFO] Extract Phase: Successfully extracted 20 product rows from page 3.
2026-07-07 19:03:32,281 [INFO] Extract Phase: Fetching product catalog page 4...
2026-07-07 19:03:32,282 [INFO] Fetching URL: https://books.toscrape.com/catalogue/page-4.html (Attempt 1/3)
2026-07-07 19:03:34,817 [INFO] Extract Phase: Successfully extracted 20 product rows from page 4.
2026-07-07 19:03:35,119 [INFO] Extract Phase: Fetching product catalog page 5...
2026-07-07 19:03:35,120 [INFO] Fetching URL: https://books.toscrape.com/catalogue/page-5.html (Attempt 1/3)
2026-07-07 19:03:37,774 [INFO] Extract Phase: Successfully extracted 20 product rows from page 5.
2026-07-07 19:03:38,077 [INFO] Transform Phase: Cleaning raw price values, mapping ratings, and parsing availability...
2026-07-07 19:03:38,579 [INFO] Validation Phase: Enforcing data integrity constraints...
2026-07-07 19:03:39,080 [INFO] Validation Phase: Kept 100 valid rows out of 100 extracted rows.
2026-07-07 19:03:39,082 [INFO] Load Phase: Saving cleaned database files and summarizing analytics...
2026-07-07 19:03:39,611 [INFO] Cleaned data successfully exported to CSV: data\processed\products_clean.csv
2026-07-07 19:03:39,611 [INFO] Cleaned data successfully exported to JSON: data\processed\products_clean.json
2026-07-07 19:03:39,615 [INFO] Analytics report generated successfully at: output\report.txt
2026-07-07 19:03:39,616 [INFO] Pipeline executed successfully. Outputs are ready.
2026-07-07 19:04:12,169 [INFO] Initializing e-commerce scraping ETL pipeline...
2026-07-07 19:04:12,171 [INFO] Extract Phase: Fetching product catalog page 1...
2026-07-07 19:04:12,172 [INFO] Fetching URL: https://books.toscrape.com/catalogue/page-1.html (Attempt 1/3)
2026-07-07 19:04:14,784 [INFO] Extract Phase: Successfully extracted 20 product rows from page 1.
2026-07-07 19:04:15,086 [INFO] Extract Phase: Fetching product catalog page 2...
2026-07-07 19:04:15,087 [INFO] Fetching URL: https://books.toscrape.com/catalogue/page-2.html (Attempt 1/3)
2026-07-07 19:04:17,777 [INFO] Extract Phase: Successfully extracted 20 product rows from page 2.
2026-07-07 19:04:18,081 [INFO] Extract Phase: Fetching product catalog page 3...
2026-07-07 19:04:18,081 [INFO] Fetching URL: https://books.toscrape.com/catalogue/page-3.html (Attempt 1/3)
2026-07-07 19:04:20,752 [INFO] Extract Phase: Successfully extracted 20 product rows from page 3.
2026-07-07 19:04:21,056 [INFO] Extract Phase: Fetching product catalog page 4...
2026-07-07 19:04:21,056 [INFO] Fetching URL: https://books.toscrape.com/catalogue/page-4.html (Attempt 1/3)
2026-07-07 19:04:23,822 [INFO] Extract Phase: Successfully extracted 20 product rows from page 4.
2026-07-07 19:04:24,125 [INFO] Extract Phase: Fetching product catalog page 5...
2026-07-07 19:04:24,126 [INFO] Fetching URL: https://books.toscrape.com/catalogue/page-5.html (Attempt 1/3)
2026-07-07 19:04:27,592 [INFO] Extract Phase: Successfully extracted 20 product rows from page 5.
2026-07-07 19:04:27,894 [INFO] Transform Phase: Cleaning raw price values, mapping ratings, and parsing availability...
2026-07-07 19:04:28,397 [INFO] Validation Phase: Enforcing data integrity constraints...
2026-07-07 19:04:28,899 [INFO] Validation Phase: Kept 100 valid rows out of 100 extracted rows.
2026-07-07 19:04:28,900 [INFO] Load Phase: Saving cleaned database files and summarizing analytics...
2026-07-07 19:04:29,444 [INFO] Cleaned data successfully exported to CSV: data\processed\products_clean.csv
2026-07-07 19:04:29,451 [INFO] Cleaned data successfully exported to JSON: data\processed\products_clean.json
2026-07-07 19:04:29,456 [INFO] Analytics report generated successfully at: output\report.txt
2026-07-07 19:04:29,457 [INFO] Pipeline executed successfully. Outputs are ready.
2026-07-07 19:10:41,107 [INFO] Initializing e-commerce scraping ETL pipeline...
2026-07-07 19:10:41,108 [INFO] Extract Phase: Fetching product catalog page 1...
2026-07-07 19:10:41,109 [INFO] Fetching URL: https://books.toscrape.com/catalogue/page-1.html (Attempt 1/3)
2026-07-07 19:10:43,069 [INFO] Extract Phase: Successfully extracted 20 product rows from page 1.
2026-07-07 19:10:43,372 [INFO] Extract Phase: Fetching product catalog page 2...
2026-07-07 19:10:43,372 [INFO] Fetching URL: https://books.toscrape.com/catalogue/page-2.html (Attempt 1/3)
2026-07-07 19:10:46,334 [INFO] Extract Phase: Successfully extracted 20 product rows from page 2.
2026-07-07 19:10:46,636 [INFO] Extract Phase: Fetching product catalog page 3...
2026-07-07 19:10:46,638 [INFO] Fetching URL: https://books.toscrape.com/catalogue/page-3.html (Attempt 1/3)
2026-07-07 19:10:49,610 [INFO] Extract Phase: Successfully extracted 20 product rows from page 3.
2026-07-07 19:10:49,912 [INFO] Extract Phase: Fetching product catalog page 4...
2026-07-07 19:10:49,912 [INFO] Fetching URL: https://books.toscrape.com/catalogue/page-4.html (Attempt 1/3)
2026-07-07 19:10:52,909 [INFO] Extract Phase: Successfully extracted 20 product rows from page 4.
2026-07-07 19:10:53,214 [INFO] Extract Phase: Fetching product catalog page 5...
2026-07-07 19:10:53,215 [INFO] Fetching URL: https://books.toscrape.com/catalogue/page-5.html (Attempt 1/3)
2026-07-07 19:10:55,302 [INFO] Extract Phase: Successfully extracted 20 product rows from page 5.
2026-07-07 19:10:55,604 [INFO] Transform Phase: Cleaning raw price values, mapping ratings, and parsing availability...
2026-07-07 19:10:56,106 [INFO] Validation Phase: Enforcing data integrity constraints...
2026-07-07 19:10:56,607 [INFO] Validation Phase: Kept 100 valid rows out of 100 extracted rows.
2026-07-07 19:10:56,608 [INFO] Load Phase: Saving cleaned database files and summarizing analytics...
2026-07-07 19:10:57,129 [INFO] Cleaned data successfully exported to CSV: data\processed\products_clean.csv
2026-07-07 19:10:57,130 [INFO] Cleaned data successfully exported to JSON: data\processed\products_clean.json
2026-07-07 19:10:57,139 [INFO] Analytics report generated successfully at: output\report.txt
2026-07-07 19:10:57,141 [INFO] Pipeline executed successfully. Outputs are ready.
